#
# A fatal error has been detected by the Java Runtime Environment:
#
#  EXCEPTION_ACCESS_VIOLATION (0xc0000005) at pc=0x00007fff3d0f63d0, pid=12080, tid=20160
#
# JRE version: Java(TM) SE Runtime Environment (22.0.2+9) (build 22.0.2+9-70)
# Java VM: Java HotSpot(TM) 64-Bit Server VM (22.0.2+9-70, mixed mode, sharing, tiered, compressed oops, compressed class ptrs, g1 gc, windows-amd64)
# Problematic frame:
# V  [jvm.dll+0x3763d0]
#
# No core dump will be written. Minidumps are not enabled by default on client versions of Windows
#
# If you would like to submit a bug report, please visit:
#   https://bugreport.java.com/bugreport/crash.jsp
#

---------------  S U M M A R Y ------------

Command Line: -javaagent:C:\Program Files\JetBrains\IntelliJ IDEA Community Edition 2022.2.3\lib\idea_rt.jar=51631:C:\Program Files\JetBrains\IntelliJ IDEA Community Edition 2022.2.3\bin -Dfile.encoding=UTF-8 -Dsun.stdout.encoding=UTF-8 -Dsun.stderr.encoding=UTF-8 com.example.springbootwebtutorial.springbootwebtutorial.SpringBootWebTutorialApplication

Host: Intel(R) Core(TM) i7-8565U CPU @ 1.80GHz, 8 cores, 7G,  Windows 11 , 64 bit Build 22621 (10.0.22621.3958)
Time: Sat Sep 21 15:44:13 2024 India Standard Time elapsed time: 8.418897 seconds (0d 0h 0m 8s)

---------------  T H R E A D  ---------------

Current thread (0x00000260d3de1d90):  JavaThread "C1 CompilerThread0" daemon [_thread_in_vm, id=20160, stack(0x000000615d500000,0x000000615d600000) (1024K)]


Current CompileTask:
C1:8419 4287   !   3       org.springframework.beans.factory.support.AbstractAutowireCapableBeanFactory::getSingletonFactoryBeanForTypeCheck (259 bytes)

Stack: [0x000000615d500000,0x000000615d600000],  sp=0x000000615d5fe080,  free space=1016k
Native frames: (J=compiled Java code, j=interpreted, Vv=VM code, C=native code)
V  [jvm.dll+0x3763d0]  (no source info available)
V  [jvm.dll+0x6b7545]  (no source info available)
V  [jvm.dll+0x29763c]  (no source info available)
V  [jvm.dll+0x3c2aa6]  (no source info available)
V  [jvm.dll+0x6b8e2b]  (no source info available)
V  [jvm.dll+0x1e9ecf]  (no source info available)
V  [jvm.dll+0x1539e3]  (no source info available)
V  [jvm.dll+0x152c1d]  (no source info available)
V  [jvm.dll+0x154add]  (no source info available)
V  [jvm.dll+0x2568f3]  (no source info available)
V  [jvm.dll+0x254baa]  (no source info available)
V  [jvm.dll+0x3f57a6]  (no source info available)
V  [jvm.dll+0x81dc0b]  (no source info available)
V  [jvm.dll+0x6e0d85]  (no source info available)
C  [ucrtbase.dll+0x29333]  (no source info available)
C  [KERNEL32.DLL+0x1257d]  (no source info available)
C  [ntdll.dll+0x5af28]  (no source info available)


siginfo: EXCEPTION_ACCESS_VIOLATION (0xc0000005), reading address 0x0000000000000000


Registers:
RAX=0x00000000fffffe00, RBX=0x00000260bfe6b090, RCX=0x0000000000000000, RDX=0x00000260bfe6b090
RSP=0x000000615d5fe080, RBP=0x000000615d5fe400, RSI=0x00000260bfe6b090, RDI=0x0000000000000003
R8 =0x00000260d51892a8, R9 =0x0000000000000006, R10=0x00007fffa7530000, R11=0x000000615d5fe120
R12=0x000002611be9b910, R13=0x00000260d3de1d90, R14=0x000000615d5fe130, R15=0x000002611be9b910
RIP=0x00007fff3d0f63d0, EFLAGS=0x0000000000010246


Register to memory mapping:

RAX=0x00000000fffffe00 is an unallocated location in the heap
RBX=0x00000260bfe6b090 is at entry_point+-464 in (nmethod*)0x00000260bfe6b090
Compiled method (c1) 8561 2766       3       org.springframework.beans.factory.support.AbstractAutowireCapableBeanFactory::getObjectForBeanInstance (34 bytes)
 total in heap  [0x00000260bfe6b090,0x00000260bfe6b848] = 1976
 relocation     [0x00000260bfe6b1e8,0x00000260bfe6b258] = 112
 main code      [0x00000260bfe6b260,0x00000260bfe6b680] = 1056
 stub code      [0x00000260bfe6b680,0x00000260bfe6b6e8] = 104
 oops           [0x00000260bfe6b6e8,0x00000260bfe6b6f0] = 8
 metadata       [0x00000260bfe6b6f0,0x00000260bfe6b718] = 40
 scopes data    [0x00000260bfe6b718,0x00000260bfe6b798] = 128
 scopes pcs     [0x00000260bfe6b798,0x00000260bfe6b828] = 144
 dependencies   [0x00000260bfe6b828,0x00000260bfe6b838] = 16
 nul chk table  [0x00000260bfe6b838,0x00000260bfe6b848] = 16
RCX=0x0 is null
RDX=0x00000260bfe6b090 is at entry_point+-464 in (nmethod*)0x00000260bfe6b090
Compiled method (c1) 8562 2766       3       org.springframework.beans.factory.support.AbstractAutowireCapableBeanFactory::getObjectForBeanInstance (34 bytes)
 total in heap  [0x00000260bfe6b090,0x00000260bfe6b848] = 1976
 relocation     [0x00000260bfe6b1e8,0x00000260bfe6b258] = 112
 main code      [0x00000260bfe6b260,0x00000260bfe6b680] = 1056
 stub code      [0x00000260bfe6b680,0x00000260bfe6b6e8] = 104
 oops           [0x00000260bfe6b6e8,0x00000260bfe6b6f0] = 8
 metadata       [0x00000260bfe6b6f0,0x00000260bfe6b718] = 40
 scopes data    [0x00000260bfe6b718,0x00000260bfe6b798] = 128
 scopes pcs     [0x00000260bfe6b798,0x00000260bfe6b828] = 144
 dependencies   [0x00000260bfe6b828,0x00000260bfe6b838] = 16
 nul chk table  [0x00000260bfe6b838,0x00000260bfe6b848] = 16
RSP=0x000000615d5fe080 is pointing into the stack for thread: 0x00000260d3de1d90
RBP=0x000000615d5fe400 is pointing into the stack for thread: 0x00000260d3de1d90
RSI=0x00000260bfe6b090 is at entry_point+-464 in (nmethod*)0x00000260bfe6b090
Compiled method (c1) 8562 2766       3       org.springframework.beans.factory.support.AbstractAutowireCapableBeanFactory::getObjectForBeanInstance (34 bytes)
 total in heap  [0x00000260bfe6b090,0x00000260bfe6b848] = 1976
 relocation     [0x00000260bfe6b1e8,0x00000260bfe6b258] = 112
 main code      [0x00000260bfe6b260,0x00000260bfe6b680] = 1056
 stub code      [0x00000260bfe6b680,0x00000260bfe6b6e8] = 104
 oops           [0x00000260bfe6b6e8,0x00000260bfe6b6f0] = 8
 metadata       [0x00000260bfe6b6f0,0x00000260bfe6b718] = 40
 scopes data    [0x00000260bfe6b718,0x00000260bfe6b798] = 128
 scopes pcs     [0x00000260bfe6b798,0x00000260bfe6b828] = 144
 dependencies   [0x00000260bfe6b828,0x00000260bfe6b838] = 16
 nul chk table  [0x00000260bfe6b838,0x00000260bfe6b848] = 16
RDI=0x0000000000000003 is an unknown value
R8 =0x00000260d51892a8 is a pointer to class: 
org.springframework.beans.factory.support.AbstractAutowireCapableBeanFactory {0x00000260d51892b0}
 - instance size:     21
 - klass size:        344
 - access:            public synchronized abstract 
 - flags:             rewritten has_nonstatic_fields should_verify_class has_localvariable_table has_miranda_methods has_resolved_methods 
 - state:             fully_initialized
 - name:              'org/springframework/beans/factory/support/AbstractAutowireCapableBeanFactory'
 - super:             'org/springframework/beans/factory/support/AbstractBeanFactory'
 - sub:               'org/springframework/beans/factory/support/DefaultListableBeanFactory'   
 - arrays:            null
 - methods:           Array<T>(0x0000026115977ca8)
 - method ordering:   Array<T>(0x00000260d4afc148)
 - default_methods:   Array<T>(0x0000000000000000)
 - local interfaces:  Array<T>(0x000002611597b1c8)
 - trans. interfaces: Array<T>(0x00000261159971d0)
 - constants:         constant pool [1578]/operands[106] {0x0000026115978008} for 'org/springframework/beans/factory/support/AbstractAutowireCapableBeanFactory' cache=0x00000261159c3a18
 - class loader data:  loader data: 0x00000261190a5ed0 for instance a 'jdk/internal/loader/ClassLoaders$AppClassLoader'{0x00000000832f9fc8}
 - source file:       'AbstractAutowireCapableBeanFactory.java'
 - class annotations:       Array<T>(0x0000000000000000)
 - class type annotations:  Array<T>(0x0000000000000000)
 - field annotations:       Array<T>(0x000002611597b230)
 - field type annotations:  Array<T>(0x0000000000000000)
 - inner classes:     Array<T>(0x0000026115983020)
 - nest members:     Array<T>(0x0000026115983070)
 - permitted subclasses:     Array<T>(0x00000260d45d62f0)
 - java mirror:       a 'java/lang/Class'{0x000000008360c520} = 'org/springframework/beans/factory/support/AbstractAutowireCapableBeanFactory'
 - vtable length      190  (start addr: 0x00000260d5189470)
 - itable length      95 (start addr: 0x00000260d5189a60)
 - ---- static fields (0 words):
 - ---- non-static fields (39 words):
 - protected final 'logger' 'Lorg/apache/commons/logging/Log;' @12 
 - private final 'aliasMap' 'Ljava/util/Map;' @16 
 - private 'singletonsCurrentlyInDestruction' 'Z' @20 
 - private final 'singletonObjects' 'Ljava/util/Map;' @24 
 - private final 'singletonFactories' 'Ljava/util/Map;' @28 
 - private final 'earlySingletonObjects' 'Ljava/util/Map;' @32 
 - private final 'registeredSingletons' 'Ljava/util/Set;' @36 
 - private final 'singletonsCurrentlyInCreation' 'Ljava/util/Set;' @40 
 - private final 'inCreationCheckExclusions' 'Ljava/util/Set;' @44 
 - private 'suppressedExceptions' 'Ljava/util/Set;' @48 
 - private final 'disposableBeans' 'Ljava/util/Map;' @52 
 - private final 'containedBeanMap' 'Ljava/util/Map;' @56 
 - private final 'dependentBeanMap' 'Ljava/util/Map;' @60 
 - private final 'dependenciesForBeanMap' 'Ljava/util/Map;' @64 
 - private final 'factoryBeanObjectCache' 'Ljava/util/Map;' @68 
 - private 'cacheBeanMetadata' 'Z' @21 
 - private 'parentBeanFactory' 'Lorg/springframework/beans/factory/BeanFactory;' @72 
 - private 'beanClassLoader' 'Ljava/lang/ClassLoader;' @76 
 - private 'tempClassLoader' 'Ljava/lang/ClassLoader;' @80 
 - private 'beanExpressionResolver' 'Lorg/springframework/beans/factory/config/BeanExpressionResolver;' @84 
 - private 'conversionService' 'Lorg/springframework/core/convert/ConversionService;' @88 
 - private final 'propertyEditorRegistrars' 'Ljava/util/Set;' @92 
 - private final 'customEditors' 'Ljava/util/Map;' @96 
 - private 'typeConverter' 'Lorg/springframework/beans/TypeConverter;' @100 
 - private final 'embeddedValueResolvers' 'Ljava/util/List;' @104 
 - private final 'beanPostProcessors' 'Ljava/util/List;' @108 
 - private 'beanPostProcessorCache' 'Lorg/springframework/beans/factory/support/AbstractBeanFactory$BeanPostProcessorCache;' @112 
 - private final 'scopes' 'Ljava/util/Map;' @116 
 - private 'applicationStartup' 'Lorg/springframework/core/metrics/ApplicationStartup;' @120 
 - private final 'mergedBeanDefinitions' 'Ljava/util/Map;' @124 
 - private final 'alreadyCreated' 'Ljava/util/Set;' @128 
 - private final 'prototypesCurrentlyInCreation' 'Ljava/lang/ThreadLocal;' @132 
 - private 'allowCircularReferences' 'Z' @22 
 - private 'allowRawInjectionDespiteWrapping' 'Z' @23 
 - private 'instantiationStrategy' 'Lorg/springframework/beans/factory/support/InstantiationStrategy;' @136 
 - private 'parameterNameDiscoverer' 'Lorg/springframework/core/ParameterNameDiscoverer;' @140 
 - private final 'ignoredDependencyTypes' 'Ljava/util/Set;' @144 
 - private final 'ignoredDependencyInterfaces' 'Ljava/util/Set;' @148 
 - private final 'currentlyCreatedBean' 'Lorg/springframework/core/NamedThreadLocal;' @152 
 - private final 'factoryBeanInstanceCache' 'Ljava/util/concurrent/ConcurrentMap;' @156 
 - private final 'factoryMethodCandidateCache' 'Ljava/util/concurrent/ConcurrentMap;' @160 
 - private final 'filteredPropertyDescriptorsCache' 'Ljava/util/concurrent/ConcurrentMap;' @164 
 - non-static oop maps: 12-16 24-164 
R9 =0x0000000000000006 is an unknown value
R10=0x00007fffa7530000 VCRUNTIME140.dll
R11=0x000000615d5fe120 is pointing into the stack for thread: 0x00000260d3de1d90
R12=0x000002611be9b910 points into unknown readable memory: 0x00007fff3d74b318 | 18 b3 74 3d ff 7f 00 00
R13=0x00000260d3de1d90 is a thread
R14=0x000000615d5fe130 is pointing into the stack for thread: 0x00000260d3de1d90
R15=0x000002611be9b910 points into unknown readable memory: 0x00007fff3d74b318 | 18 b3 74 3d ff 7f 00 00

Top of Stack: (sp=0x000000615d5fe080)
0x000000615d5fe080:   00000260bf930390 00007fff3d088785
0x000000615d5fe090:   000000615d5fe710 000000615d5fe6f0
0x000000615d5fe0a0:   0000000000000004 00007fff3d437545
0x000000615d5fe0b0:   000000615d5fe130 000002611aa2be30
0x000000615d5fe0c0:   00000260bf930390 00000260bf930390
0x000000615d5fe0d0:   00000260bf930390 00007fff3d01763c
0x000000615d5fe0e0:   000002611bbeba18 000002611b221410
0x000000615d5fe0f0:   000000615d5fe710 000000000000003f
0x000000615d5fe100:   0000000000000003 00007fff3d142aa6
0x000000615d5fe110:   00007fff3d9eca80 0000000000000000
0x000000615d5fe120:   00000260bf930390 0000000000000003
0x000000615d5fe130:   00000260d51893f8 00000260d5189400
0x000000615d5fe140:   00000260bf930390 00007fff3d438e2b
0x000000615d5fe150:   00007fff3d9eca80 0000000000000000
0x000000615d5fe160:   00000260bf930390 000002611be9b910
0x000000615d5fe170:   00000260000010bf 00007fffffffffff
0x000000615d5fe180:   00000260b75f5db0 00007fff000000e0
0x000000615d5fe190:   00000260d3de2578 000002611a2ce6d0
0x000000615d5fe1a0:   000000615d5fe710 00007fff00000020
0x000000615d5fe1b0:   000002611a2ce678 000000615d5fe6b8
0x000000615d5fe1c0:   000000615d5fe6d0 00000260b75f5db0
0x000000615d5fe1d0:   0000000000000003 0000000000000000
0x000000615d5fe1e0:   0000000000000000 0000000000000000
0x000000615d5fe1f0:   0000002000000000 ffffffff000000e0
0x000000615d5fe200:   00000000000010bf 000000615d5fe6d0
0x000000615d5fe210:   000000615d5fe710 00000260d3de2578
0x000000615d5fe220:   0000000000000000 0000000000000000
0x000000615d5fe230:   00000260b75f5db0 000000615d5fe6b8
0x000000615d5fe240:   000002611a2ce678 000002611a2ce6d0
0x000000615d5fe250:   000000615d5fe6f0 000000615d5fe380
0x000000615d5fe260:   00000260bf930390 0000000000000000
0x000000615d5fe270:   00000260bf932f88 0000000000000005 

Instructions: (pc=0x00007fff3d0f63d0)
0x00007fff3d0f62d0:   7e 86 00 48 8d 0d b6 47 68 00 4c 8b 05 27 df 8c
0x00007fff3d0f62e0:   00 48 8b 15 18 df 8c 00 e9 d3 3a fb ff c3 cc cc
0x00007fff3d0f62f0:   40 53 48 83 ec 20 80 79 10 00 48 8b d9 75 19 48
0x00007fff3d0f6300:   8b 12 48 85 d2 74 11 48 8b 49 08 48 8b 01 ff 10
0x00007fff3d0f6310:   84 c0 75 04 c6 43 10 01 48 83 c4 20 5b c3 cc cc
0x00007fff3d0f6320:   48 83 ec 28 ba 41 00 00 00 48 8d 0d b8 48 68 00
0x00007fff3d0f6330:   e8 3b 98 f0 ff cc cc cc cc cc cc cc cc cc cc cc
0x00007fff3d0f6340:   48 89 5c 24 08 57 48 83 ec 40 48 8b 02 48 8b f9
0x00007fff3d0f6350:   48 8b ca 48 8b da ff 50 18 84 c0 74 3a 48 8d 05
0x00007fff3d0f6360:   74 48 68 00 c6 44 24 30 00 48 89 44 24 20 48 8d
0x00007fff3d0f6370:   54 24 20 48 8b 47 08 41 b0 01 48 8b cb 48 89 44
0x00007fff3d0f6380:   24 28 e8 a9 2d 34 00 0f b6 44 24 30 48 8b 5c 24
0x00007fff3d0f6390:   50 48 83 c4 40 5f c3 48 8b 5c 24 50 32 c0 48 83
0x00007fff3d0f63a0:   c4 40 5f c3 cc cc cc cc cc cc cc cc cc cc cc cc
0x00007fff3d0f63b0:   40 53 48 83 ec 20 48 8b d9 48 8b 49 78 e8 9e c7
0x00007fff3d0f63c0:   31 00 84 c0 75 1f 48 8b 0d c3 d6 8c 00 48 8b d3
0x00007fff3d0f63d0:   48 8b 01 ff 10 84 c0 75 14 48 8b cb e8 7f 0f 34
0x00007fff3d0f63e0:   00 84 c0 75 08 32 c0 48 83 c4 20 5b c3 b0 01 48
0x00007fff3d0f63f0:   83 c4 20 5b c3 cc cc cc cc cc cc cc cc cc cc cc
0x00007fff3d0f6400:   83 f9 22 0f 87 26 01 00 00 48 63 c1 48 8d 15 ed
0x00007fff3d0f6410:   9b c8 ff 8b 8c 82 38 65 37 00 48 03 ca ff e1 48
0x00007fff3d0f6420:   8d 05 fa 47 68 00 c3 48 8d 05 02 48 68 00 c3 48
0x00007fff3d0f6430:   8d 05 0a 48 68 00 c3 48 8d 05 12 48 68 00 c3 48
0x00007fff3d0f6440:   8d 05 22 48 68 00 c3 48 8d 05 3a 48 68 00 c3 48
0x00007fff3d0f6450:   8d 05 4a 48 68 00 c3 48 8d 05 62 48 68 00 c3 48
0x00007fff3d0f6460:   8d 05 72 48 68 00 c3 48 8d 05 8a 48 68 00 c3 48
0x00007fff3d0f6470:   8d 05 a2 48 68 00 c3 48 8d 05 c2 48 68 00 c3 48
0x00007fff3d0f6480:   8d 05 c2 48 68 00 c3 48 8d 05 d2 48 68 00 c3 48
0x00007fff3d0f6490:   8d 05 e2 48 68 00 c3 48 8d 05 f2 48 68 00 c3 48
0x00007fff3d0f64a0:   8d 05 02 49 68 00 c3 48 8d 05 22 49 68 00 c3 48
0x00007fff3d0f64b0:   8d 05 2a 49 68 00 c3 48 8d 05 3a 49 68 00 c3 48
0x00007fff3d0f64c0:   8d 05 4a 49 68 00 c3 48 8d 05 5a 49 68 00 c3 48 


Stack slot to memory mapping:

stack at sp + 0 slots: 0x00000260bf930390 is at entry_point+-976 in (nmethod*)0x00000260bf930390
Compiled method (c1) 8613 4287   !   3       org.springframework.beans.factory.support.AbstractAutowireCapableBeanFactory::getSingletonFactoryBeanForTypeCheck (259 bytes)
 total in heap  [0x00000260bf930390,0x00000260bf9334f8] = 12648
 relocation     [0x00000260bf9304e8,0x00000260bf930760] = 632
 main code      [0x00000260bf930760,0x00000260bf932648] = 7912
 stub code      [0x00000260bf932648,0x00000260bf9327a0] = 344
 oops           [0x00000260bf9327a0,0x00000260bf9327b0] = 16
 metadata       [0x00000260bf9327b0,0x00000260bf932848] = 152
 scopes data    [0x00000260bf932848,0x00000260bf932c28] = 992
 scopes pcs     [0x00000260bf932c28,0x00000260bf932f88] = 864
 dependencies   [0x00000260bf932f88,0x00000260bf932fc0] = 56
 handler table  [0x00000260bf932fc0,0x00000260bf9334a0] = 1248
 nul chk table  [0x00000260bf9334a0,0x00000260bf9334f8] = 88
stack at sp + 1 slots: 0x00007fff3d088785 jvm.dll
stack at sp + 2 slots: 0x000000615d5fe710 is pointing into the stack for thread: 0x00000260d3de1d90
stack at sp + 3 slots: 0x000000615d5fe6f0 is pointing into the stack for thread: 0x00000260d3de1d90
stack at sp + 4 slots: 0x0000000000000004 is an unknown value
stack at sp + 5 slots: 0x00007fff3d437545 jvm.dll
stack at sp + 6 slots: 0x000000615d5fe130 is pointing into the stack for thread: 0x00000260d3de1d90
stack at sp + 7 slots: 0x000002611aa2be30 points into unknown readable memory: 0x00000260c003a710 | 10 a7 03 c0 60 02 00 00


---------------  P R O C E S S  ---------------

Threads class SMR info:
_java_thread_list=0x000002611a543da0, length=22, elements={
0x00000260b75eeb70, 0x00000260d3dc39f0, 0x00000260d3dc4f20, 0x00000260d3dca7e0,
0x00000260d3dcd250, 0x00000260d3dcdcb0, 0x00000260d3dd7c60, 0x00000260d3ddc2c0,
0x00000260d3de1d90, 0x00000260d3d928b0, 0x00000261193545b0, 0x000002611938ad80,
0x000002611945cd70, 0x000002611a93b5e0, 0x000002611caf1ad0, 0x000002611af0a7f0,
0x0000026119fcbab0, 0x000002611c16e230, 0x000002611c16adb0, 0x000002611c16c7f0,
0x000002611c16d510, 0x000002611c16b440
}

Java Threads: ( => current thread )
  0x00000260b75eeb70 JavaThread "main"                              [_thread_blocked, id=19996, stack(0x000000615c600000,0x000000615c700000) (1024K)]
  0x00000260d3dc39f0 JavaThread "Reference Handler"          daemon [_thread_blocked, id=2136, stack(0x000000615ce00000,0x000000615cf00000) (1024K)]
  0x00000260d3dc4f20 JavaThread "Finalizer"                  daemon [_thread_blocked, id=2644, stack(0x000000615cf00000,0x000000615d000000) (1024K)]
  0x00000260d3dca7e0 JavaThread "Signal Dispatcher"          daemon [_thread_blocked, id=2020, stack(0x000000615d000000,0x000000615d100000) (1024K)]
  0x00000260d3dcd250 JavaThread "Attach Listener"            daemon [_thread_blocked, id=8596, stack(0x000000615d100000,0x000000615d200000) (1024K)]
  0x00000260d3dcdcb0 JavaThread "Service Thread"             daemon [_thread_blocked, id=20196, stack(0x000000615d200000,0x000000615d300000) (1024K)]
  0x00000260d3dd7c60 JavaThread "Monitor Deflation Thread"   daemon [_thread_blocked, id=3552, stack(0x000000615d300000,0x000000615d400000) (1024K)]
  0x00000260d3ddc2c0 JavaThread "C2 CompilerThread0"         daemon [_thread_blocked, id=6708, stack(0x000000615d400000,0x000000615d500000) (1024K)]
=>0x00000260d3de1d90 JavaThread "C1 CompilerThread0"         daemon [_thread_in_vm, id=20160, stack(0x000000615d500000,0x000000615d600000) (1024K)]
  0x00000260d3d928b0 JavaThread "Common-Cleaner"             daemon [_thread_blocked, id=17812, stack(0x000000615d600000,0x000000615d700000) (1024K)]
  0x00000261193545b0 JavaThread "C2 CompilerThread1"         daemon [_thread_blocked, id=13612, stack(0x000000615d700000,0x000000615d800000) (1024K)]
  0x000002611938ad80 JavaThread "Monitor Ctrl-Break"         daemon [_thread_in_native, id=3028, stack(0x000000615d800000,0x000000615d900000) (1024K)]
  0x000002611945cd70 JavaThread "Notification Thread"        daemon [_thread_blocked, id=20340, stack(0x000000615d900000,0x000000615da00000) (1024K)]
  0x000002611a93b5e0 JavaThread "C2 CompilerThread2"         daemon [_thread_in_vm, id=1592, stack(0x000000615e300000,0x000000615e400000) (1024K)]
  0x000002611caf1ad0 JavaThread "MVStore background writer C:/Users/Tanishq Sehgal/Desktop/SpringBoot/H2 DB/DB.mv.db" daemon [_thread_blocked, id=16568, stack(0x000000615e000000,0x000000615e100000) (1024K)]
  0x000002611af0a7f0 JavaThread "HikariPool-1 housekeeper"   daemon [_thread_blocked, id=3996, stack(0x000000615e400000,0x000000615e500000) (1024K)]
  0x0000026119fcbab0 JavaThread "HikariPool-1 connection adder" daemon [_thread_blocked, id=12092, stack(0x000000615e500000,0x000000615e600000) (1024K)]
  0x000002611c16e230 JavaThread "Catalina-utility-1"                [_thread_blocked, id=16696, stack(0x000000615e600000,0x000000615e700000) (1024K)]
  0x000002611c16adb0 JavaThread "Catalina-utility-2"                [_thread_blocked, id=5992, stack(0x000000615e700000,0x000000615e800000) (1024K)]
  0x000002611c16c7f0 JavaThread "H2-serialization"           daemon [_thread_blocked, id=8960, stack(0x000000615e800000,0x000000615e900000) (1024K)]
  0x000002611c16d510 JavaThread "container-0"                       [_thread_blocked, id=1380, stack(0x000000615e900000,0x000000615ea00000) (1024K)]
  0x000002611c16b440 JavaThread "H2-save"                    daemon [_thread_blocked, id=3136, stack(0x000000615ea00000,0x000000615eb00000) (1024K)]
Total: 22

Other Threads:
  0x00000260d3daae30 VMThread "VM Thread"                           [id=16736, stack(0x000000615cd00000,0x000000615ce00000) (1024K)]
  0x00000260d3d8fe80 WatcherThread "VM Periodic Task Thread"        [id=13404, stack(0x000000615cc00000,0x000000615cd00000) (1024K)]
  0x00000260b7647200 WorkerThread "GC Thread#0"                     [id=4068, stack(0x000000615c700000,0x000000615c800000) (1024K)]
  0x00000261198d7de0 WorkerThread "GC Thread#1"                     [id=3860, stack(0x000000615da00000,0x000000615db00000) (1024K)]
  0x00000261198d8190 WorkerThread "GC Thread#2"                     [id=19124, stack(0x000000615db00000,0x000000615dc00000) (1024K)]
  0x0000026119908800 WorkerThread "GC Thread#3"                     [id=19304, stack(0x000000615dc00000,0x000000615dd00000) (1024K)]
  0x0000026119b51e80 WorkerThread "GC Thread#4"                     [id=3332, stack(0x000000615dd00000,0x000000615de00000) (1024K)]
  0x0000026119ec2830 WorkerThread "GC Thread#5"                     [id=16644, stack(0x000000615de00000,0x000000615df00000) (1024K)]
  0x000002611a0a7490 WorkerThread "GC Thread#6"                     [id=11504, stack(0x000000615df00000,0x000000615e000000) (1024K)]
  0x000002611a67da10 WorkerThread "GC Thread#7"                     [id=19352, stack(0x000000615e200000,0x000000615e300000) (1024K)]
  0x00000260b546de40 ConcurrentGCThread "G1 Main Marker"            [id=19732, stack(0x000000615c800000,0x000000615c900000) (1024K)]
  0x00000260b546e950 WorkerThread "G1 Conc#0"                       [id=10604, stack(0x000000615c900000,0x000000615ca00000) (1024K)]
  0x000002611a67d660 WorkerThread "G1 Conc#1"                       [id=6372, stack(0x000000615e100000,0x000000615e200000) (1024K)]
  0x00000260b769e610 ConcurrentGCThread "G1 Refine#0"               [id=12924, stack(0x000000615ca00000,0x000000615cb00000) (1024K)]
  0x00000260d3c647f0 ConcurrentGCThread "G1 Service"                [id=13784, stack(0x000000615cb00000,0x000000615cc00000) (1024K)]
Total: 15

Threads with active compile tasks:
C2 CompilerThread0  8638 4220       4       org.springframework.core.annotation.TypeMappedAnnotations::get (52 bytes)
C1 CompilerThread0  8638 4287   !   3       org.springframework.beans.factory.support.AbstractAutowireCapableBeanFactory::getSingletonFactoryBeanForTypeCheck (259 bytes)
C2 CompilerThread1  8638 4286   !   4       org.springframework.util.ReflectionUtils::doWithMethods (186 bytes)
C2 CompilerThread2  8638 4209       4       org.springframework.core.annotation.AnnotationsScanner::getDeclaredAnnotations (166 bytes)
Total: 4

VM state: not at safepoint (normal execution)

VM Mutex/Monitor currently owned by a thread:  ([mutex/lock_event])
[0x00007fff3d9eb700] MethodCompileQueue_lock - owner thread: 0x00000260d3de1d90
[0x00007fff3d9eca80] CodeCache_lock - owner thread: 0x00000260d3de1d90
[0x00007fff3d9ecc00] Compile_lock - owner thread: 0x00000260d3de1d90

Heap address: 0x0000000082e00000, size: 2002 MB, Compressed Oops mode: 32-bit

CDS archive(s) mapped at: [0x00000260d4000000-0x00000260d4c60000-0x00000260d4c60000), size 12976128, SharedBaseAddress: 0x00000260d4000000, ArchiveRelocationMode: 1.
Compressed class space mapped at: 0x00000260d5000000-0x0000026115000000, reserved size: 1073741824
Narrow klass base: 0x00000260d4000000, Narrow klass shift: 0, Narrow klass range: 0x41000000

GC Precious Log:
 CardTable entry size: 512
 Card Set container configuration: InlinePtr #cards 5 size 8 Array Of Cards #cards 12 size 40 Howl #buckets 4 coarsen threshold 1843 Howl Bitmap #cards 512 size 80 coarsen threshold 460 Card regions per heap region 1 cards per card region 2048
 CPUs: 8 total, 8 available
 Memory: 8006M
 Large Page Support: Disabled
 NUMA Support: Disabled
 Compressed Oops: Enabled (32-bit)
 Heap Region Size: 1M
 Heap Min Capacity: 8M
 Heap Initial Capacity: 126M
 Heap Max Capacity: 2002M
 Pre-touch: Disabled
 Parallel Workers: 8
 Concurrent Workers: 2
 Concurrent Refinement Workers: 8
 Periodic GC: Disabled

Heap:
 garbage-first heap   total reserved 2050048K, committed 48128K, used 30245K [0x0000000082e00000, 0x0000000100000000)
  region size 1024K, 10 young (10240K), 1 survivors (1024K)
 Metaspace       used 37558K, committed 38080K, reserved 1114112K
  class space    used 4810K, committed 5056K, reserved 1048576K

Heap Regions: E=young(eden), S=young(survivor), O=old, HS=humongous(starts), HC=humongous(continues), CS=collection set, F=free, TAMS=top-at-mark-start, PB=parsable bottom
|   0|0x0000000082e00000, 0x0000000082f00000, 0x0000000082f00000|100%|HS|  |TAMS 0x0000000082e00000| PB 0x0000000082e00000| Complete |  0
|   1|0x0000000082f00000, 0x0000000083000000, 0x0000000083000000|100%| O|  |TAMS 0x0000000082f00000| PB 0x0000000082f00000| Untracked |  0
|   2|0x0000000083000000, 0x0000000083100000, 0x0000000083100000|100%| O|  |TAMS 0x0000000083000000| PB 0x0000000083000000| Untracked |  0
|   3|0x0000000083100000, 0x0000000083200000, 0x0000000083200000|100%| O|  |TAMS 0x0000000083100000| PB 0x0000000083100000| Untracked |  0
|   4|0x0000000083200000, 0x0000000083300000, 0x0000000083300000|100%| O|  |TAMS 0x0000000083200000| PB 0x0000000083200000| Untracked |  0
|   5|0x0000000083300000, 0x0000000083400000, 0x0000000083400000|100%| O|  |TAMS 0x0000000083300000| PB 0x0000000083300000| Untracked |  0
|   6|0x0000000083400000, 0x0000000083500000, 0x0000000083500000|100%| O|  |TAMS 0x0000000083400000| PB 0x0000000083400000| Untracked |  0
|   7|0x0000000083500000, 0x0000000083600000, 0x0000000083600000|100%| O|  |TAMS 0x0000000083500000| PB 0x0000000083500000| Untracked |  0
|   8|0x0000000083600000, 0x0000000083700000, 0x0000000083700000|100%| O|  |TAMS 0x0000000083600000| PB 0x0000000083600000| Untracked |  0
|   9|0x0000000083700000, 0x0000000083800000, 0x0000000083800000|100%| O|  |TAMS 0x0000000083700000| PB 0x0000000083700000| Untracked |  0
|  10|0x0000000083800000, 0x0000000083900000, 0x0000000083900000|100%| O|  |TAMS 0x0000000083800000| PB 0x0000000083800000| Untracked |  0
|  11|0x0000000083900000, 0x0000000083a00000, 0x0000000083a00000|100%| O|  |TAMS 0x0000000083900000| PB 0x0000000083900000| Untracked |  0
|  12|0x0000000083a00000, 0x0000000083b00000, 0x0000000083b00000|100%| O|Cm|TAMS 0x0000000083a00000| PB 0x0000000083a00000| Complete |  0
|  13|0x0000000083b00000, 0x0000000083c00000, 0x0000000083c00000|100%| O|  |TAMS 0x0000000083b00000| PB 0x0000000083b00000| Untracked |  0
|  14|0x0000000083c00000, 0x0000000083d00000, 0x0000000083d00000|100%| O|  |TAMS 0x0000000083c00000| PB 0x0000000083c00000| Untracked |  0
|  15|0x0000000083d00000, 0x0000000083e00000, 0x0000000083e00000|100%| O|  |TAMS 0x0000000083d00000| PB 0x0000000083d00000| Untracked |  0
|  16|0x0000000083e00000, 0x0000000083f00000, 0x0000000083f00000|100%| O|  |TAMS 0x0000000083e00000| PB 0x0000000083e00000| Untracked |  0
|  17|0x0000000083f00000, 0x0000000084000000, 0x0000000084000000|100%| O|  |TAMS 0x0000000083f00000| PB 0x0000000083f00000| Untracked |  0
|  18|0x0000000084000000, 0x00000000840ad040, 0x0000000084100000| 67%| O|  |TAMS 0x0000000084000000| PB 0x0000000084000000| Untracked |  0
|  19|0x0000000084100000, 0x0000000084200000, 0x0000000084200000|100%|HS|  |TAMS 0x0000000084100000| PB 0x0000000084100000| Complete |  0
|  20|0x0000000084200000, 0x0000000084300000, 0x0000000084300000|100%|HC|  |TAMS 0x0000000084200000| PB 0x0000000084200000| Complete |  0
|  21|0x0000000084300000, 0x0000000084300000, 0x0000000084400000|  0%| F|  |TAMS 0x0000000084300000| PB 0x0000000084300000| Untracked |  0
|  22|0x0000000084400000, 0x0000000084400000, 0x0000000084500000|  0%| F|  |TAMS 0x0000000084400000| PB 0x0000000084400000| Untracked |  0
|  23|0x0000000084500000, 0x0000000084500000, 0x0000000084600000|  0%| F|  |TAMS 0x0000000084500000| PB 0x0000000084500000| Untracked |  0
|  24|0x0000000084600000, 0x0000000084600000, 0x0000000084700000|  0%| F|  |TAMS 0x0000000084600000| PB 0x0000000084600000| Untracked |  0
|  25|0x0000000084700000, 0x0000000084700000, 0x0000000084800000|  0%| F|  |TAMS 0x0000000084700000| PB 0x0000000084700000| Untracked |  0
|  26|0x0000000084800000, 0x0000000084800000, 0x0000000084900000|  0%| F|  |TAMS 0x0000000084800000| PB 0x0000000084800000| Untracked |  0
|  27|0x0000000084900000, 0x0000000084900000, 0x0000000084a00000|  0%| F|  |TAMS 0x0000000084900000| PB 0x0000000084900000| Untracked |  0
|  28|0x0000000084a00000, 0x0000000084a00000, 0x0000000084b00000|  0%| F|  |TAMS 0x0000000084a00000| PB 0x0000000084a00000| Untracked |  0
|  29|0x0000000084b00000, 0x0000000084b00000, 0x0000000084c00000|  0%| F|  |TAMS 0x0000000084b00000| PB 0x0000000084b00000| Untracked |  0
|  30|0x0000000084c00000, 0x0000000084c00000, 0x0000000084d00000|  0%| F|  |TAMS 0x0000000084c00000| PB 0x0000000084c00000| Untracked |  0
|  31|0x0000000084d00000, 0x0000000084d00000, 0x0000000084e00000|  0%| F|  |TAMS 0x0000000084d00000| PB 0x0000000084d00000| Untracked |  0
|  32|0x0000000084e00000, 0x0000000084e00000, 0x0000000084f00000|  0%| F|  |TAMS 0x0000000084e00000| PB 0x0000000084e00000| Untracked |  0
|  33|0x0000000084f00000, 0x0000000084f00000, 0x0000000085000000|  0%| F|  |TAMS 0x0000000084f00000| PB 0x0000000084f00000| Untracked |  0
|  34|0x0000000085000000, 0x0000000085000000, 0x0000000085100000|  0%| F|  |TAMS 0x0000000085000000| PB 0x0000000085000000| Untracked |  0
|  35|0x0000000085100000, 0x0000000085100000, 0x0000000085200000|  0%| F|  |TAMS 0x0000000085100000| PB 0x0000000085100000| Untracked |  0
|  36|0x0000000085200000, 0x0000000085200000, 0x0000000085300000|  0%| F|  |TAMS 0x0000000085200000| PB 0x0000000085200000| Untracked |  0
|  37|0x0000000085300000, 0x0000000085400000, 0x0000000085400000|100%| E|  |TAMS 0x0000000085300000| PB 0x0000000085300000| Complete |  0
|  38|0x0000000085400000, 0x0000000085500000, 0x0000000085500000|100%| E|CS|TAMS 0x0000000085400000| PB 0x0000000085400000| Complete |  0
|  86|0x0000000088400000, 0x00000000884dc640, 0x0000000088500000| 86%| S|CS|TAMS 0x0000000088400000| PB 0x0000000088400000| Complete |  0
|  87|0x0000000088500000, 0x0000000088600000, 0x0000000088600000|100%| E|CS|TAMS 0x0000000088500000| PB 0x0000000088500000| Complete |  0
|  88|0x0000000088600000, 0x0000000088700000, 0x0000000088700000|100%| E|CS|TAMS 0x0000000088600000| PB 0x0000000088600000| Complete |  0
|  89|0x0000000088700000, 0x0000000088800000, 0x0000000088800000|100%| E|CS|TAMS 0x0000000088700000| PB 0x0000000088700000| Complete |  0
|  90|0x0000000088800000, 0x0000000088900000, 0x0000000088900000|100%| E|CS|TAMS 0x0000000088800000| PB 0x0000000088800000| Complete |  0
|  91|0x0000000088900000, 0x0000000088a00000, 0x0000000088a00000|100%| E|CS|TAMS 0x0000000088900000| PB 0x0000000088900000| Complete |  0
| 124|0x000000008aa00000, 0x000000008ab00000, 0x000000008ab00000|100%| E|CS|TAMS 0x000000008aa00000| PB 0x000000008aa00000| Complete |  0
| 125|0x000000008ab00000, 0x000000008ac00000, 0x000000008ac00000|100%| E|CS|TAMS 0x000000008ab00000| PB 0x000000008ab00000| Complete |  0

Card table byte_map: [0x00000260cf050000,0x00000260cf440000] _byte_map_base: 0x00000260cec39000

Marking Bits: (CMBitMap*) 0x00000260b7647910
 Bits: [0x00000260cf440000, 0x00000260d1388000)

Polling page: 0x00000260b5550000

Metaspace:

Usage:
  Non-class:     31.98 MB used.
      Class:      4.70 MB used.
       Both:     36.68 MB used.

Virtual space:
  Non-class space:       64.00 MB reserved,      32.25 MB ( 50%) committed,  1 nodes.
      Class space:        1.00 GB reserved,       4.94 MB ( <1%) committed,  1 nodes.
             Both:        1.06 GB reserved,      37.19 MB (  3%) committed. 

Chunk freelists:
   Non-Class:  15.44 MB
       Class:  10.92 MB
        Both:  26.36 MB

MaxMetaspaceSize: unlimited
CompressedClassSpaceSize: 1.00 GB
Initial GC threshold: 21.00 MB
Current GC threshold: 59.06 MB
CDS: on
 - commit_granule_bytes: 65536.
 - commit_granule_words: 8192.
 - virtual_space_node_default_size: 8388608.
 - enlarge_chunks_in_place: 1.
 - use_allocation_guard: 0.


Internal statistics:

num_allocs_failed_limit: 6.
num_arena_births: 678.
num_arena_deaths: 0.
num_vsnodes_births: 2.
num_vsnodes_deaths: 0.
num_space_committed: 595.
num_space_uncommitted: 0.
num_chunks_returned_to_freelist: 6.
num_chunks_taken_from_freelist: 1988.
num_chunk_merges: 6.
num_chunk_splits: 1371.
num_chunks_enlarged: 981.
num_inconsistent_stats: 0.

CodeHeap 'non-profiled nmethods': size=120000Kb used=2134Kb max_used=2302Kb free=117865Kb
 bounds [0x00000260c7400000, 0x00000260c7670000, 0x00000260ce930000]
CodeHeap 'profiled nmethods': size=120000Kb used=7864Kb max_used=8543Kb free=112135Kb
 bounds [0x00000260bf930000, 0x00000260c0190000, 0x00000260c6e60000]
CodeHeap 'non-nmethods': size=5760Kb used=1561Kb max_used=1646Kb free=4198Kb
 bounds [0x00000260c6e60000, 0x00000260c70d0000, 0x00000260c7400000]
 total_blobs=4512 nmethods=3889 adapters=527
 compilation: enabled
              stopped_count=0, restarted_count=0
 full_count=0

Compilation events (20 events):
Event: 8.315 Thread 0x00000260d3de1d90 nmethod 4276 0x00000260bf96b690 code [0x00000260bf96b900, 0x00000260bf96c6f8]
Event: 8.316 Thread 0x00000260d3de1d90 4277       3       org.springframework.beans.factory.config.DependencyDescriptor::getDependencyType (50 bytes)
Event: 8.316 Thread 0x00000261193545b0 nmethod 4260 0x00000260c743a610 code [0x00000260c743a7a0, 0x00000260c743aa10]
Event: 8.317 Thread 0x00000261193545b0 4275       4       java.util.AbstractCollection::toArray (144 bytes)
Event: 8.318 Thread 0x00000260d3de1d90 nmethod 4277 0x00000260bf939090 code [0x00000260bf9392a0, 0x00000260bf939938]
Event: 8.318 Thread 0x00000260d3de1d90 4272       3       java.lang.ThreadLocal$ThreadLocalMap::set (133 bytes)
Event: 8.320 Thread 0x00000260d3de1d90 nmethod 4272 0x00000260bf9bfe90 code [0x00000260bf9c0120, 0x00000260bf9c0dd8]
Event: 8.320 Thread 0x00000260d3de1d90 4282       3       java.lang.invoke.LambdaFormBuffer::replaceName (124 bytes)
Event: 8.321 Thread 0x00000260d3de1d90 nmethod 4282 0x00000260bfd0c390 code [0x00000260bfd0c540, 0x00000260bfd0c6f8]
Event: 8.321 Thread 0x00000260d3de1d90 4283       3       java.lang.invoke.LambdaForm$NamedFunction::<init> (15 bytes)
Event: 8.321 Thread 0x00000260d3de1d90 nmethod 4283 0x00000260bfab0390 code [0x00000260bfab0540, 0x00000260bfab0760]
Event: 8.322 Thread 0x00000260d3de1d90 4281       1       java.lang.invoke.LambdaForm::arity (5 bytes)
Event: 8.322 Thread 0x00000260d3de1d90 nmethod 4281 0x00000260c74b9b90 code [0x00000260c74b9d20, 0x00000260c74b9de8]
Event: 8.342 Thread 0x00000260d3de1d90 4284       3       org.springframework.context.annotation.ConfigurationClassBeanDefinitionReader$ConfigurationClassBeanDefinition::cloneBeanDefinition (5 bytes)
Event: 8.343 Thread 0x00000260d3de1d90 nmethod 4284 0x00000260bf970190 code [0x00000260bf970360, 0x00000260bf970728]
Event: 8.343 Thread 0x00000260d3de1d90 4285       3       org.springframework.context.annotation.ConfigurationClassBeanDefinitionReader$ConfigurationClassBeanDefinition::cloneBeanDefinition (9 bytes)
Event: 8.343 Thread 0x00000260d3de1d90 nmethod 4285 0x00000260bf9cbe90 code [0x00000260bf9cc040, 0x00000260bf9cc3a0]
Event: 8.388 Thread 0x00000261193545b0 nmethod 4275 0x00000260c74c0290 code [0x00000260c74c0480, 0x00000260c74c0f18]
Event: 8.388 Thread 0x00000260d3de1d90 4287   !   3       org.springframework.beans.factory.support.AbstractAutowireCapableBeanFactory::getSingletonFactoryBeanForTypeCheck (259 bytes)
Event: 8.388 Thread 0x00000261193545b0 4286   !   4       org.springframework.util.ReflectionUtils::doWithMethods (186 bytes)

GC Heap History (14 events):
Event: 1.439 GC heap before
{Heap before GC invocations=0 (full 0):
 garbage-first heap   total reserved 2050048K, committed 129024K, used 24576K [0x0000000082e00000, 0x0000000100000000)
  region size 1024K, 24 young (24576K), 0 survivors (0K)
 Metaspace       used 6765K, committed 6976K, reserved 1114112K
  class space    used 806K, committed 896K, reserved 1048576K
}
Event: 1.452 GC heap after
{Heap after GC invocations=1 (full 0):
 garbage-first heap   total reserved 2050048K, committed 129024K, used 8167K [0x0000000082e00000, 0x0000000100000000)
  region size 1024K, 3 young (3072K), 3 survivors (3072K)
 Metaspace       used 6765K, committed 6976K, reserved 1114112K
  class space    used 806K, committed 896K, reserved 1048576K
}
Event: 2.875 GC heap before
{Heap before GC invocations=1 (full 0):
 garbage-first heap   total reserved 2050048K, committed 129024K, used 35815K [0x0000000082e00000, 0x0000000100000000)
  region size 1024K, 31 young (31744K), 3 survivors (3072K)
 Metaspace       used 14767K, committed 15040K, reserved 1114112K
  class space    used 1917K, committed 2048K, reserved 1048576K
}
Event: 2.888 GC heap after
{Heap after GC invocations=2 (full 0):
 garbage-first heap   total reserved 2050048K, committed 129024K, used 10185K [0x0000000082e00000, 0x0000000100000000)
  region size 1024K, 3 young (3072K), 3 survivors (3072K)
 Metaspace       used 14767K, committed 15040K, reserved 1114112K
  class space    used 1917K, committed 2048K, reserved 1048576K
}
Event: 4.110 GC heap before
{Heap before GC invocations=2 (full 0):
 garbage-first heap   total reserved 2050048K, committed 129024K, used 40905K [0x0000000082e00000, 0x0000000100000000)
  region size 1024K, 34 young (34816K), 3 survivors (3072K)
 Metaspace       used 21259K, committed 21504K, reserved 1114112K
  class space    used 2659K, committed 2752K, reserved 1048576K
}
Event: 4.126 GC heap after
{Heap after GC invocations=3 (full 0):
 garbage-first heap   total reserved 2050048K, committed 129024K, used 13473K [0x0000000082e00000, 0x0000000100000000)
  region size 1024K, 6 young (6144K), 6 survivors (6144K)
 Metaspace       used 21259K, committed 21504K, reserved 1114112K
  class space    used 2659K, committed 2752K, reserved 1048576K
}
Event: 5.391 GC heap before
{Heap before GC invocations=4 (full 0):
 garbage-first heap   total reserved 2050048K, committed 48128K, used 34977K [0x0000000082e00000, 0x0000000100000000)
  region size 1024K, 28 young (28672K), 6 survivors (6144K)
 Metaspace       used 24694K, committed 25024K, reserved 1114112K
  class space    used 3123K, committed 3264K, reserved 1048576K
}
Event: 5.403 GC heap after
{Heap after GC invocations=5 (full 0):
 garbage-first heap   total reserved 2050048K, committed 48128K, used 15260K [0x0000000082e00000, 0x0000000100000000)
  region size 1024K, 3 young (3072K), 3 survivors (3072K)
 Metaspace       used 24694K, committed 25024K, reserved 1114112K
  class space    used 3123K, committed 3264K, reserved 1048576K
}
Event: 6.528 GC heap before
{Heap before GC invocations=5 (full 0):
 garbage-first heap   total reserved 2050048K, committed 48128K, used 36764K [0x0000000082e00000, 0x0000000100000000)
  region size 1024K, 24 young (24576K), 3 survivors (3072K)
 Metaspace       used 28776K, committed 29248K, reserved 1114112K
  class space    used 3724K, committed 3968K, reserved 1048576K
}
Event: 6.546 GC heap after
{Heap after GC invocations=6 (full 0):
 garbage-first heap   total reserved 2050048K, committed 48128K, used 17587K [0x0000000082e00000, 0x0000000100000000)
  region size 1024K, 3 young (3072K), 3 survivors (3072K)
 Metaspace       used 28776K, committed 29248K, reserved 1114112K
  class space    used 3724K, committed 3968K, reserved 1048576K
}
Event: 7.575 GC heap before
{Heap before GC invocations=6 (full 0):
 garbage-first heap   total reserved 2050048K, committed 48128K, used 38067K [0x0000000082e00000, 0x0000000100000000)
  region size 1024K, 23 young (23552K), 3 survivors (3072K)
 Metaspace       used 33248K, committed 33728K, reserved 1114112K
  class space    used 4265K, committed 4480K, reserved 1048576K
}
Event: 7.588 GC heap after
{Heap after GC invocations=7 (full 0):
 garbage-first heap   total reserved 2050048K, committed 48128K, used 19370K [0x0000000082e00000, 0x0000000100000000)
  region size 1024K, 2 young (2048K), 2 survivors (2048K)
 Metaspace       used 33248K, committed 33728K, reserved 1114112K
  class space    used 4265K, committed 4480K, reserved 1048576K
}
Event: 7.852 GC heap before
{Heap before GC invocations=7 (full 0):
 garbage-first heap   total reserved 2050048K, committed 48128K, used 24490K [0x0000000082e00000, 0x0000000100000000)
  region size 1024K, 9 young (9216K), 2 survivors (2048K)
 Metaspace       used 35510K, committed 35968K, reserved 1114112K
  class space    used 4508K, committed 4736K, reserved 1048576K
}
Event: 7.861 GC heap after
{Heap after GC invocations=8 (full 0):
 garbage-first heap   total reserved 2050048K, committed 48128K, used 20005K [0x0000000082e00000, 0x0000000100000000)
  region size 1024K, 1 young (1024K), 1 survivors (1024K)
 Metaspace       used 35510K, committed 35968K, reserved 1114112K
  class space    used 4508K, committed 4736K, reserved 1048576K
}

Dll operation events (14 events):
Event: 0.019 Loaded shared library C:\Program Files\Java\jdk-22\bin\java.dll
Event: 0.070 Loaded shared library C:\Program Files\Java\jdk-22\bin\jsvml.dll
Event: 0.209 Loaded shared library C:\Program Files\Java\jdk-22\bin\zip.dll
Event: 0.214 Loaded shared library C:\Program Files\Java\jdk-22\bin\instrument.dll
Event: 0.222 Loaded shared library C:\Program Files\Java\jdk-22\bin\net.dll
Event: 0.225 Loaded shared library C:\Program Files\Java\jdk-22\bin\nio.dll
Event: 0.231 Loaded shared library C:\Program Files\Java\jdk-22\bin\zip.dll
Event: 0.379 Loaded shared library C:\Program Files\JetBrains\IntelliJ IDEA Community Edition 2022.2.3\bin\breakgen64.dll
Event: 0.396 Loaded shared library C:\Program Files\Java\jdk-22\bin\extnet.dll
Event: 0.446 Loaded shared library C:\Program Files\Java\jdk-22\bin\jimage.dll
Event: 2.032 Loaded shared library C:\Program Files\Java\jdk-22\bin\le.dll
Event: 4.713 Loaded shared library C:\Program Files\Java\jdk-22\bin\sunmscapi.dll
Event: 7.247 Loaded shared library C:\Program Files\Java\jdk-22\bin\management.dll
Event: 7.251 Loaded shared library C:\Program Files\Java\jdk-22\bin\management_ext.dll

Deoptimization events (20 events):
Event: 7.505 Thread 0x00000260b75eeb70 Uncommon trap: trap_request=0xffffffc6 fr.pc=0x00000260c75f2a64 relative=0x0000000000001384
Event: 7.505 Thread 0x00000260b75eeb70 Uncommon trap: reason=bimorphic_or_optimized_type_check action=maybe_recompile pc=0x00000260c75f2a64 method=java.util.Properties$LineReader.readLine()I @ 70 c2
Event: 7.505 Thread 0x00000260b75eeb70 DEOPT PACKING pc=0x00000260c75f2a64 sp=0x000000615c6fad20
Event: 7.505 Thread 0x00000260b75eeb70 DEOPT UNPACKING pc=0x00000260c6eb46a2 sp=0x000000615c6facb8 mode 2
Event: 7.506 Thread 0x00000260b75eeb70 Uncommon trap: trap_request=0xffffffde fr.pc=0x00000260c75f2a3c relative=0x000000000000135c
Event: 7.506 Thread 0x00000260b75eeb70 Uncommon trap: reason=class_check action=maybe_recompile pc=0x00000260c75f2a3c method=java.util.Properties$LineReader.readLine()I @ 479 c2
Event: 7.506 Thread 0x00000260b75eeb70 DEOPT PACKING pc=0x00000260c75f2a3c sp=0x000000615c6fad20
Event: 7.506 Thread 0x00000260b75eeb70 DEOPT UNPACKING pc=0x00000260c6eb46a2 sp=0x000000615c6facb8 mode 2
Event: 7.506 Thread 0x00000260b75eeb70 Uncommon trap: trap_request=0xffffffc6 fr.pc=0x00000260c75f2a64 relative=0x0000000000001384
Event: 7.506 Thread 0x00000260b75eeb70 Uncommon trap: reason=bimorphic_or_optimized_type_check action=maybe_recompile pc=0x00000260c75f2a64 method=java.util.Properties$LineReader.readLine()I @ 70 c2
Event: 7.506 Thread 0x00000260b75eeb70 DEOPT PACKING pc=0x00000260c75f2a64 sp=0x000000615c6fad20
Event: 7.506 Thread 0x00000260b75eeb70 DEOPT UNPACKING pc=0x00000260c6eb46a2 sp=0x000000615c6facb8 mode 2
Event: 7.781 Thread 0x00000260b75eeb70 Uncommon trap: trap_request=0xffffff45 fr.pc=0x00000260c7413134 relative=0x0000000000000194
Event: 7.781 Thread 0x00000260b75eeb70 Uncommon trap: reason=unstable_if action=reinterpret pc=0x00000260c7413134 method=jdk.internal.util.ArraysSupport.vectorizedHashCode(Ljava/lang/Object;IIII)I @ 2 c2
Event: 7.781 Thread 0x00000260b75eeb70 DEOPT PACKING pc=0x00000260c7413134 sp=0x000000615c6fb700
Event: 7.781 Thread 0x00000260b75eeb70 DEOPT UNPACKING pc=0x00000260c6eb46a2 sp=0x000000615c6fb6b0 mode 2
Event: 7.966 Thread 0x00000260b75eeb70 Uncommon trap: trap_request=0xffffff45 fr.pc=0x00000260c746db40 relative=0x00000000000000a0
Event: 7.966 Thread 0x00000260b75eeb70 Uncommon trap: reason=unstable_if action=reinterpret pc=0x00000260c746db40 method=java.lang.CharacterDataLatin1.isWhitespace(I)Z @ 14 c2
Event: 7.966 Thread 0x00000260b75eeb70 DEOPT PACKING pc=0x00000260c746db40 sp=0x000000615c6fb8d0
Event: 7.966 Thread 0x00000260b75eeb70 DEOPT UNPACKING pc=0x00000260c6eb46a2 sp=0x000000615c6fb840 mode 2

Classes loaded (20 events):
Event: 7.700 Loading class java/util/function/IntSupplier
Event: 7.700 Loading class java/util/function/IntSupplier done
Event: 8.024 Loading class java/util/concurrent/ScheduledThreadPoolExecutor$ScheduledFutureTask
Event: 8.024 Loading class java/util/concurrent/ScheduledThreadPoolExecutor$ScheduledFutureTask done
Event: 8.024 Loading class java/util/concurrent/Executors$RunnableAdapter
Event: 8.024 Loading class java/util/concurrent/Executors$RunnableAdapter done
Event: 8.025 Loading class java/util/concurrent/ThreadPoolExecutor$Worker
Event: 8.025 Loading class java/util/concurrent/ThreadPoolExecutor$Worker done
Event: 8.028 Loading class java/util/concurrent/ThreadPoolExecutor$CallerRunsPolicy
Event: 8.029 Loading class java/util/concurrent/ThreadPoolExecutor$CallerRunsPolicy done
Event: 8.135 Loading class java/util/stream/SortedOps$SizedRefSortingSink
Event: 8.135 Loading class java/util/stream/SortedOps$SizedRefSortingSink done
Event: 8.151 Loading class jdk/internal/event/ThreadSleepEvent
Event: 8.151 Loading class jdk/internal/event/ThreadSleepEvent done
Event: 8.171 Loading class javax/net/ssl/SSLException
Event: 8.172 Loading class javax/net/ssl/SSLException done
Event: 8.209 Loading class java/nio/channels/CompletionHandler
Event: 8.209 Loading class java/nio/channels/CompletionHandler done
Event: 8.383 Loading class javax/naming/Referenceable
Event: 8.383 Loading class javax/naming/Referenceable done

Classes unloaded (0 events):
No events

Classes redefined (0 events):
No events

Internal exceptions (20 events):
Event: 6.634 Thread 0x00000260b75eeb70 Exception <a 'java/lang/NoSuchMethodError'{0x000000008aa4c078}: 'void java.lang.invoke.DirectMethodHandle$Holder.invokeStatic(java.lang.Object, int, java.lang.Object)'> (0x000000008aa4c078) 
thrown [s\open\src\hotspot\share\interpreter\linkResolver.cpp, line 774]
Event: 6.646 Thread 0x00000260b75eeb70 Exception <a 'java/lang/NoSuchMethodError'{0x000000008aa820b8}: 'void java.lang.invoke.DirectMethodHandle$Holder.invokeStatic(java.lang.Object, java.lang.Object, java.lang.Object, int, java.lang.Object)'> (0x000000008aa820b8) 
thrown [s\open\src\hotspot\share\interpreter\linkResolver.cpp, line 774]
Event: 6.647 Thread 0x00000260b75eeb70 Exception <a 'java/lang/NoSuchMethodError'{0x000000008aa88938}: 'java.lang.Object java.lang.invoke.DirectMethodHandle$Holder.newInvokeSpecial(java.lang.Object, java.lang.Object, java.lang.Object, int)'> (0x000000008aa88938) 
thrown [s\open\src\hotspot\share\interpreter\linkResolver.cpp, line 774]
Event: 6.647 Thread 0x00000260b75eeb70 Exception <a 'java/lang/NoSuchMethodError'{0x000000008aa8c7d8}: 'java.lang.Object java.lang.invoke.DirectMethodHandle$Holder.invokeSpecial(java.lang.Object, java.lang.Object, java.lang.Object, java.lang.Object, int)'> (0x000000008aa8c7d8) 
thrown [s\open\src\hotspot\share\interpreter\linkResolver.cpp, line 774]
Event: 6.648 Thread 0x00000260b75eeb70 Exception <a 'java/lang/NoSuchMethodError'{0x000000008aa8fc60}: 'java.lang.Object java.lang.invoke.Invokers$Holder.linkToTargetMethod(java.lang.Object, java.lang.Object, int, java.lang.Object)'> (0x000000008aa8fc60) 
thrown [s\open\src\hotspot\share\interpreter\linkResolver.cpp, line 774]
Event: 6.847 Thread 0x00000260b75eeb70 Exception <a 'java/lang/NoSuchMethodError'{0x000000008863cb78}: 'java.lang.Object java.lang.invoke.DirectMethodHandle$Holder.invokeStaticInit(java.lang.Object, int, int, int, int)'> (0x000000008863cb78) 
thrown [s\open\src\hotspot\share\interpreter\linkResolver.cpp, line 774]
Event: 6.911 Thread 0x00000260b75eeb70 Exception <a 'java/lang/NoSuchMethodError'{0x0000000088509468}: 'java.lang.Object java.lang.invoke.DirectMethodHandle$Holder.invokeStaticInit(java.lang.Object, java.lang.Object, int, int, int, int)'> (0x0000000088509468) 
thrown [s\open\src\hotspot\share\interpreter\linkResolver.cpp, line 774]
Event: 7.148 Thread 0x00000260b75eeb70 Exception <a 'java/lang/NoSuchMethodError'{0x00000000853b3068}: 'int java.lang.invoke.DirectMethodHandle$Holder.invokeVirtual(java.lang.Object, java.lang.Object, java.lang.Object, java.lang.Object)'> (0x00000000853b3068) 
thrown [s\open\src\hotspot\share\interpreter\linkResolver.cpp, line 774]
Event: 7.149 Thread 0x00000260b75eeb70 Exception <a 'java/lang/NoSuchMethodError'{0x00000000853b6ce8}: 'int java.lang.invoke.DelegatingMethodHandle$Holder.reinvoke_L(java.lang.Object, java.lang.Object, java.lang.Object, java.lang.Object)'> (0x00000000853b6ce8) 
thrown [s\open\src\hotspot\share\interpreter\linkResolver.cpp, line 774]
Event: 7.267 Thread 0x00000260b75eeb70 Exception <a 'java/io/FileNotFoundException'{0x00000000851f4050}> (0x00000000851f4050) 
thrown [s\open\src\hotspot\share\prims\jni.cpp, line 520]
Event: 7.317 Thread 0x00000260b75eeb70 Exception <a 'java/lang/NoSuchMethodError'{0x0000000084f9c7c8}: 'int java.lang.invoke.DirectMethodHandle$Holder.invokeInterface(java.lang.Object, java.lang.Object, java.lang.Object, java.lang.Object)'> (0x0000000084f9c7c8) 
thrown [s\open\src\hotspot\share\interpreter\linkResolver.cpp, line 774]
Event: 7.640 Thread 0x00000260b75eeb70 Exception <a 'sun/nio/fs/WindowsException'{0x000000008aa27ab8}> (0x000000008aa27ab8) 
thrown [s\open\src\hotspot\share\prims\jni.cpp, line 520]
Event: 7.648 Thread 0x00000260b75eeb70 Exception <a 'sun/nio/fs/WindowsException'{0x000000008aa4c1d0}> (0x000000008aa4c1d0) 
thrown [s\open\src\hotspot\share\prims\jni.cpp, line 520]
Event: 7.648 Thread 0x00000260b75eeb70 Exception <a 'sun/nio/fs/WindowsException'{0x000000008aa4d130}> (0x000000008aa4d130) 
thrown [s\open\src\hotspot\share\prims\jni.cpp, line 520]
Event: 7.704 Thread 0x00000260b75eeb70 Exception <a 'java/lang/NoSuchMethodError'{0x000000008895b578}: 'void java.lang.invoke.DirectMethodHandle$Holder.invokeStaticInit(java.lang.Object, java.lang.Object, java.lang.Object, java.lang.Object, java.lang.Object)'> (0x000000008895b578) 
thrown [s\open\src\hotspot\share\interpreter\linkResolver.cpp, line 774]
Event: 7.999 Thread 0x00000260b75eeb70 Exception <a 'java/lang/NoSuchMethodError'{0x0000000088819d90}: 'void java.lang.invoke.DirectMethodHandle$Holder.invokeSpecial(java.lang.Object, java.lang.Object, long)'> (0x0000000088819d90) 
thrown [s\open\src\hotspot\share\interpreter\linkResolver.cpp, line 774]
Event: 8.060 Thread 0x00000260b75eeb70 Exception <a 'java/lang/NoSuchMethodError'{0x00000000888b7960}: 'java.lang.Object java.lang.invoke.DirectMethodHandle$Holder.invokeStaticInit(java.lang.Object, java.lang.Object, java.lang.Object, java.lang.Object)'> (0x00000000888b7960) 
thrown [s\open\src\hotspot\share\interpreter\linkResolver.cpp, line 774]
Event: 8.210 Thread 0x00000260b75eeb70 Exception <a 'java/lang/NoSuchMethodError'{0x00000000886f5330}: 'long java.lang.invoke.DirectMethodHandle$Holder.invokeVirtual(java.lang.Object, java.lang.Object)'> (0x00000000886f5330) 
thrown [s\open\src\hotspot\share\interpreter\linkResolver.cpp, line 774]
Event: 8.259 Thread 0x000002611caf1ad0 Exception <a 'java/lang/NoSuchMethodError'{0x0000000088768280}: 'java.lang.Object java.lang.invoke.DirectMethodHandle$Holder.newInvokeSpecial(java.lang.Object, java.lang.Object, int, java.lang.Object, long)'> (0x0000000088768280) 
thrown [s\open\src\hotspot\share\interpreter\linkResolver.cpp, line 774]
Event: 8.314 Thread 0x00000260b75eeb70 Exception <a 'java/lang/NoSuchMethodError'{0x00000000854c08a0}: 'java.lang.Object java.lang.invoke.DirectMethodHandle$Holder.newInvokeSpecial(java.lang.Object, java.lang.Object, java.lang.Object, java.lang.Object, java.lang.Object, java.lang.Object, java.lang.Object, java.lang.Object, java.lang.Object, java.lang.Object, java.lang.Object)'> (0x00000000854c08a0) 
thrown [s\open\src\hotspot\share\interpreter\linkResolver.cpp, line 774]

ZGC Phase Switch (0 events):
No events

VM Operations (20 events):
Event: 7.594 Executing VM operation: HandshakeAllThreads (Deoptimize)
Event: 7.594 Executing VM operation: HandshakeAllThreads (Deoptimize) done
Event: 7.604 Executing VM operation: HandshakeAllThreads (Deoptimize)
Event: 7.604 Executing VM operation: HandshakeAllThreads (Deoptimize) done
Event: 7.662 Executing VM operation: HandshakeAllThreads (Deoptimize)
Event: 7.662 Executing VM operation: HandshakeAllThreads (Deoptimize) done
Event: 7.707 Executing VM operation: HandshakeAllThreads (Deoptimize)
Event: 7.707 Executing VM operation: HandshakeAllThreads (Deoptimize) done
Event: 7.852 Executing VM operation: CollectForMetadataAllocation (Metadata GC Threshold)
Event: 7.861 Executing VM operation: CollectForMetadataAllocation (Metadata GC Threshold) done
Event: 7.892 Executing VM operation: G1PauseRemark
Event: 7.900 Executing VM operation: G1PauseRemark done
Event: 7.914 Executing VM operation: G1PauseCleanup
Event: 7.914 Executing VM operation: G1PauseCleanup done
Event: 8.116 Executing VM operation: HandshakeAllThreads (Deoptimize)
Event: 8.116 Executing VM operation: HandshakeAllThreads (Deoptimize) done
Event: 8.118 Executing VM operation: HandshakeAllThreads (Deoptimize)
Event: 8.118 Executing VM operation: HandshakeAllThreads (Deoptimize) done
Event: 8.233 Executing VM operation: HandshakeAllThreads (Deoptimize)
Event: 8.233 Executing VM operation: HandshakeAllThreads (Deoptimize) done

Memory protections (0 events):
No events

Nmethod flushes (20 events):
Event: 7.899 Thread 0x00000260d3daae30 flushing  nmethod 0x00000260bfbf8d90
Event: 7.899 Thread 0x00000260d3daae30 flushing  nmethod 0x00000260bfbfeb10
Event: 7.899 Thread 0x00000260d3daae30 flushing  nmethod 0x00000260bfc02b10
Event: 7.899 Thread 0x00000260d3daae30 flushing  nmethod 0x00000260bfc04890
Event: 7.899 Thread 0x00000260d3daae30 flushing  nmethod 0x00000260bfc05190
Event: 7.899 Thread 0x00000260d3daae30 flushing  nmethod 0x00000260bfc05b10
Event: 7.899 Thread 0x00000260d3daae30 flushing  nmethod 0x00000260bfc17910
Event: 7.899 Thread 0x00000260d3daae30 flushing  nmethod 0x00000260bfc17d10
Event: 7.899 Thread 0x00000260d3daae30 flushing  nmethod 0x00000260bfc19810
Event: 7.899 Thread 0x00000260d3daae30 flushing  nmethod 0x00000260bfc1a210
Event: 7.899 Thread 0x00000260d3daae30 flushing  nmethod 0x00000260bfc24310
Event: 7.899 Thread 0x00000260d3daae30 flushing  nmethod 0x00000260bfc2da10
Event: 7.899 Thread 0x00000260d3daae30 flushing  nmethod 0x00000260bfc96d90
Event: 7.899 Thread 0x00000260d3daae30 flushing  nmethod 0x00000260bfc9b910
Event: 7.899 Thread 0x00000260d3daae30 flushing  nmethod 0x00000260bfcf9110
Event: 7.899 Thread 0x00000260d3daae30 flushing  nmethod 0x00000260bfcfab90
Event: 7.899 Thread 0x00000260d3daae30 flushing  nmethod 0x00000260bfd09e90
Event: 7.899 Thread 0x00000260d3daae30 flushing  nmethod 0x00000260bfd0c390
Event: 7.899 Thread 0x00000260d3daae30 flushing  nmethod 0x00000260bfd0df10
Event: 7.899 Thread 0x00000260d3daae30 flushing osr nmethod 0x00000260bfd47110

Events (20 events):
Event: 0.280 Thread 0x00000260d3de1d90 Thread added: 0x00000261193545b0
Event: 0.380 Thread 0x00000260b75eeb70 Thread added: 0x000002611938ad80
Event: 0.380 Thread 0x00000260b75eeb70 Thread added: 0x000002611945cd70
Event: 0.955 Thread 0x00000260d3de1d90 Thread added: 0x0000026119922480
Event: 1.341 Thread 0x0000026119922480 Thread exited: 0x0000026119922480
Event: 1.913 Thread 0x00000260b75eeb70 Thread added: 0x000002611a3e50b0
Event: 2.254 Thread 0x00000260d3de1d90 Thread added: 0x000002611a5e1e30
Event: 2.889 Thread 0x000002611a5e1e30 Thread exited: 0x000002611a5e1e30
Event: 3.313 Thread 0x00000260b75eeb70 Thread added: 0x000002611a8fd670
Event: 3.375 Thread 0x00000260d3ddc2c0 Thread added: 0x000002611a93b5e0
Event: 3.444 Thread 0x000002611a8fd670 Thread exited: 0x000002611a8fd670
Event: 4.808 Thread 0x000002611a3e50b0 Thread exited: 0x000002611a3e50b0
Event: 8.005 Thread 0x00000260b75eeb70 Thread added: 0x000002611caf1ad0
Event: 8.025 Thread 0x00000260b75eeb70 Thread added: 0x000002611af0a7f0
Event: 8.146 Thread 0x000002611af0a7f0 Thread added: 0x0000026119fcbab0
Event: 8.249 Thread 0x00000260b75eeb70 Thread added: 0x000002611c16e230
Event: 8.251 Thread 0x000002611c16e230 Thread added: 0x000002611c16adb0
Event: 8.262 Thread 0x000002611caf1ad0 Thread added: 0x000002611c16c7f0
Event: 8.263 Thread 0x00000260b75eeb70 Thread added: 0x000002611c16d510
Event: 8.268 Thread 0x000002611c16c7f0 Thread added: 0x000002611c16b440


Dynamic libraries:
0x00007ff72bc90000 - 0x00007ff72bca0000 	C:\Program Files\Java\jdk-22\bin\java.exe
0x00007fffb3330000 - 0x00007fffb3547000 	C:\WINDOWS\SYSTEM32\ntdll.dll
0x00007fffb2030000 - 0x00007fffb20f4000 	C:\WINDOWS\System32\KERNEL32.DLL
0x00007fffb06b0000 - 0x00007fffb0a5d000 	C:\WINDOWS\System32\KERNELBASE.dll
0x00007fffb0ad0000 - 0x00007fffb0be1000 	C:\WINDOWS\System32\ucrtbase.dll
0x00007fffa7530000 - 0x00007fffa754b000 	C:\Program Files\Java\jdk-22\bin\VCRUNTIME140.dll
0x00007fffa7550000 - 0x00007fffa7567000 	C:\Program Files\Java\jdk-22\bin\jli.dll
0x00007fffb1590000 - 0x00007fffb173e000 	C:\WINDOWS\System32\USER32.dll
0x00007fffb0680000 - 0x00007fffb06a6000 	C:\WINDOWS\System32\win32u.dll
0x00007fff9dac0000 - 0x00007fff9dd53000 	C:\WINDOWS\WinSxS\amd64_microsoft.windows.common-controls_6595b64144ccf1df_6.0.22621.3672_none_2713b9d173822955\COMCTL32.dll
0x00007fffb32a0000 - 0x00007fffb32c9000 	C:\WINDOWS\System32\GDI32.dll
0x00007fffb1330000 - 0x00007fffb13d7000 	C:\WINDOWS\System32\msvcrt.dll
0x00007fffb0de0000 - 0x00007fffb0ef9000 	C:\WINDOWS\System32\gdi32full.dll
0x00007fffb0fc0000 - 0x00007fffb105a000 	C:\WINDOWS\System32\msvcp_win.dll
0x00007fffb2360000 - 0x00007fffb2391000 	C:\WINDOWS\System32\IMM32.DLL
0x00007fffad150000 - 0x00007fffad15c000 	C:\Program Files\Java\jdk-22\bin\vcruntime140_1.dll
0x00007fff78850000 - 0x00007fff788de000 	C:\Program Files\Java\jdk-22\bin\msvcp140.dll
0x00007fff3cd80000 - 0x00007fff3dac9000 	C:\Program Files\Java\jdk-22\bin\server\jvm.dll
0x00007fffb22a0000 - 0x00007fffb2352000 	C:\WINDOWS\System32\ADVAPI32.dll
0x00007fffb2480000 - 0x00007fffb2529000 	C:\WINDOWS\System32\sechost.dll
0x00007fffb0650000 - 0x00007fffb0678000 	C:\WINDOWS\System32\bcrypt.dll
0x00007fffb1470000 - 0x00007fffb1584000 	C:\WINDOWS\System32\RPCRT4.dll
0x00007fffb13e0000 - 0x00007fffb1451000 	C:\WINDOWS\System32\WS2_32.dll
0x00007fffb0370000 - 0x00007fffb03bd000 	C:\WINDOWS\SYSTEM32\POWRPROF.dll
0x00007fffa8ee0000 - 0x00007fffa8f14000 	C:\WINDOWS\SYSTEM32\WINMM.dll
0x00007fffa7510000 - 0x00007fffa751a000 	C:\WINDOWS\SYSTEM32\VERSION.dll
0x00007fffb0350000 - 0x00007fffb0363000 	C:\WINDOWS\SYSTEM32\UMPDC.dll
0x00007fffaf6a0000 - 0x00007fffaf6b8000 	C:\WINDOWS\SYSTEM32\kernel.appcore.dll
0x00007fffa7520000 - 0x00007fffa752a000 	C:\Program Files\Java\jdk-22\bin\jimage.dll
0x00007fffadeb0000 - 0x00007fffae0e2000 	C:\WINDOWS\SYSTEM32\DBGHELP.DLL
0x00007fffb1750000 - 0x00007fffb1ade000 	C:\WINDOWS\System32\combase.dll
0x00007fffb23a0000 - 0x00007fffb2477000 	C:\WINDOWS\System32\OLEAUT32.dll
0x00007fff9adc0000 - 0x00007fff9adf2000 	C:\WINDOWS\SYSTEM32\dbgcore.DLL
0x00007fffb0d60000 - 0x00007fffb0ddb000 	C:\WINDOWS\System32\bcryptPrimitives.dll
0x00007fffab4a0000 - 0x00007fffab4af000 	C:\Program Files\Java\jdk-22\bin\instrument.dll
0x00007fffa7390000 - 0x00007fffa73ae000 	C:\Program Files\Java\jdk-22\bin\java.dll
0x00007fffb2830000 - 0x00007fffb3097000 	C:\WINDOWS\System32\SHELL32.dll
0x00007fffb30f0000 - 0x00007fffb3295000 	C:\WINDOWS\System32\ole32.dll
0x00007fffae5d0000 - 0x00007fffaeecf000 	C:\WINDOWS\SYSTEM32\windows.storage.dll
0x00007fffae490000 - 0x00007fffae5cf000 	C:\WINDOWS\SYSTEM32\wintypes.dll
0x00007fffb2190000 - 0x00007fffb2289000 	C:\WINDOWS\System32\SHCORE.dll
0x00007fffb2770000 - 0x00007fffb27ce000 	C:\WINDOWS\System32\shlwapi.dll
0x00007fffb0580000 - 0x00007fffb05a7000 	C:\WINDOWS\SYSTEM32\profapi.dll
0x00007fff75a80000 - 0x00007fff75b57000 	C:\Program Files\Java\jdk-22\bin\jsvml.dll
0x00007fffa6900000 - 0x00007fffa6917000 	C:\Program Files\Java\jdk-22\bin\zip.dll
0x00007fffa7380000 - 0x00007fffa7390000 	C:\Program Files\Java\jdk-22\bin\net.dll
0x00007fffafb10000 - 0x00007fffafb79000 	C:\WINDOWS\system32\mswsock.dll
0x00007fffa6920000 - 0x00007fffa6936000 	C:\Program Files\Java\jdk-22\bin\nio.dll
0x00007fffab480000 - 0x00007fffab49a000 	C:\Program Files\JetBrains\IntelliJ IDEA Community Edition 2022.2.3\bin\breakgen64.dll
0x00007fffa7370000 - 0x00007fffa7379000 	C:\Program Files\Java\jdk-22\bin\extnet.dll
0x00007fffab460000 - 0x00007fffab46b000 	C:\Program Files\Java\jdk-22\bin\le.dll
0x00007fffab4f0000 - 0x00007fffab4fe000 	C:\Program Files\Java\jdk-22\bin\sunmscapi.dll
0x00007fffb0bf0000 - 0x00007fffb0d56000 	C:\WINDOWS\System32\CRYPT32.dll
0x00007fffaff70000 - 0x00007fffaff9e000 	C:\WINDOWS\SYSTEM32\ncrypt.dll
0x00007fffaff30000 - 0x00007fffaff67000 	C:\WINDOWS\SYSTEM32\NTASN1.dll
0x00007fffafd60000 - 0x00007fffafd7b000 	C:\WINDOWS\SYSTEM32\CRYPTSP.dll
0x00007fffaf600000 - 0x00007fffaf635000 	C:\WINDOWS\system32\rsaenh.dll
0x00007fffafc00000 - 0x00007fffafc28000 	C:\WINDOWS\SYSTEM32\USERENV.dll
0x00007fffafd80000 - 0x00007fffafd8c000 	C:\WINDOWS\SYSTEM32\CRYPTBASE.dll
0x00007fffaf170000 - 0x00007fffaf19d000 	C:\WINDOWS\SYSTEM32\IPHLPAPI.DLL
0x00007fffb1060000 - 0x00007fffb1069000 	C:\WINDOWS\System32\NSI.dll
0x00007fffab450000 - 0x00007fffab45a000 	C:\Program Files\Java\jdk-22\bin\management.dll
0x00007fffab440000 - 0x00007fffab44b000 	C:\Program Files\Java\jdk-22\bin\management_ext.dll
0x00007fffb2290000 - 0x00007fffb2298000 	C:\WINDOWS\System32\PSAPI.DLL

dbghelp: loaded successfully - version: 4.0.5 - missing functions: none
symbol engine: initialized successfully - sym options: 0x614 - pdb path: .;C:\Program Files\Java\jdk-22\bin;C:\WINDOWS\SYSTEM32;C:\WINDOWS\WinSxS\amd64_microsoft.windows.common-controls_6595b64144ccf1df_6.0.22621.3672_none_2713b9d173822955;C:\Program Files\Java\jdk-22\bin\server;C:\Program Files\JetBrains\IntelliJ IDEA Community Edition 2022.2.3\bin

VM Arguments:
jvm_args: -javaagent:C:\Program Files\JetBrains\IntelliJ IDEA Community Edition 2022.2.3\lib\idea_rt.jar=51631:C:\Program Files\JetBrains\IntelliJ IDEA Community Edition 2022.2.3\bin -Dfile.encoding=UTF-8 -Dsun.stdout.encoding=UTF-8 -Dsun.stderr.encoding=UTF-8 
java_command: com.example.springbootwebtutorial.springbootwebtutorial.SpringBootWebTutorialApplication
java_class_path (initial): C:\Users\Tanishq Sehgal\Desktop\SpringBoot\springbootwebtutorial\target\classes;C:\Users\Tanishq Sehgal\.m2\repository\org\springframework\boot\spring-boot-starter-web\3.3.3\spring-boot-starter-web-3.3.3.jar;C:\Users\Tanishq Sehgal\.m2\repository\org\springframework\boot\spring-boot-starter\3.3.3\spring-boot-starter-3.3.3.jar;C:\Users\Tanishq Sehgal\.m2\repository\org\springframework\boot\spring-boot\3.3.3\spring-boot-3.3.3.jar;C:\Users\Tanishq Sehgal\.m2\repository\org\springframework\boot\spring-boot-autoconfigure\3.3.3\spring-boot-autoconfigure-3.3.3.jar;C:\Users\Tanishq Sehgal\.m2\repository\org\springframework\boot\spring-boot-starter-logging\3.3.3\spring-boot-starter-logging-3.3.3.jar;C:\Users\Tanishq Sehgal\.m2\repository\ch\qos\logback\logback-classic\1.5.7\logback-classic-1.5.7.jar;C:\Users\Tanishq Sehgal\.m2\repository\ch\qos\logback\logback-core\1.5.7\logback-core-1.5.7.jar;C:\Users\Tanishq Sehgal\.m2\repository\org\apache\logging\log4j\log4j-to-slf4j\2.23.1\log4j-to-slf4j-2.23.1.jar;C:\Users\Tanishq Sehgal\.m2\repository\org\apache\logging\log4j\log4j-api\2.23.1\log4j-api-2.23.1.jar;C:\Users\Tanishq Sehgal\.m2\repository\org\slf4j\jul-to-slf4j\2.0.16\jul-to-slf4j-2.0.16.jar;C:\Users\Tanishq Sehgal\.m2\repository\jakarta\annotation\jakarta.annotation-api\2.1.1\jakarta.annotation-api-2.1.1.jar;C:\Users\Tanishq Sehgal\.m2\repository\org\yaml\snakeyaml\2.2\snakeyaml-2.2.jar;C:\Users\Tanishq Sehgal\.m2\repository\org\springframework\boot\spring-boot-starter-json\3.3.3\spring-boot-starter-json-3.3.3.jar;C:\Users\Tanishq Sehgal\.m2\repository\com\fasterxml\jackson\core\jackson-databind\2.17.2\jackson-databind-2.17.2.jar;C:\Users\Tanishq Sehgal\.m2\repository\com\fasterxml\jackson\core\jackson-annotations\2.17.2\jackson-annotations-2.17.2.jar;C:\Users\Tanishq Sehgal\.m2\repository\com\fasterxml\jackson\core\jackson-core\2.17.2\jackson-core-2.17.2.jar;C:\Users\Tanishq Sehgal\.m2\repository\com\fasterxml\jackson\datatype\jackson-datatype-jdk8\2.17.2\jackson-datatype-jdk8-2.17.2.jar;C:\Users\Tanishq Sehgal\.m2\repository\com\fasterxml\jackson\datatype\jackson-datatype-jsr310\2.17.2\jackson-datatype-jsr310-2.17.2.jar;C:\Users\Tanishq Sehgal\.m2\repository\com\fasterxml\jackson\module\jackson-module-parameter-names\2.17.2\jackson-module-parameter-names-2.17.2.jar;C:\Users\Tanishq Sehgal\.m2\repository\org\springframework\boot\spring-boot-starter-tomcat\3.3.3\spring-boot-starter-tomcat-3.3.3.jar;C:\Users\Tanishq Sehgal\.m2\repository\org\apache\tomcat\embed\tomcat-embed-core\10.1.28\tomcat-embed-core-10.1.28.jar;C:\Users\Tanishq Sehgal\.m2\repository\org\apache\tomcat\embed\tomcat-embed-websocket\10.1.28\tomcat-embed-websocket-10.1.28.jar;C:\Users\Tanishq Sehgal\.m2\repository\org\springframework\spring-web\6.1.12\spring-web-6.1.12.jar;C:\Users\Tanishq Sehgal\.m2\repository\org\springframework\spring-beans\6.1.12\spring-beans-6.1.12.jar;C:\Users\Tanishq Sehgal\.m2\repository\io\micrometer\micrometer-observation\1.13.3\micrometer-observation-1.13.3.jar;C:\Users\Tanishq Sehgal\.m2\repository\io\micrometer\micrometer-commons\1.13.3\micrometer-commons-1.13.3.jar;C:\Users\Tanishq Sehgal\.m2\repository\org\springframework\spring-webmvc\6.1.12\spring-webmvc-6.1.12.jar;C:\Users\Tanishq Sehgal\.m2\repository\org\springframework\spring-aop\6.1.12\spring-aop-6.1.12.jar;C:\Users\Tanishq Sehgal\.m2\repository\org\springframework\spring-context\6.1.12\spring-context-6.1.12.jar;C:\Users\Tanishq Sehgal\.m2\repository\org\springframework\spring-expression\6.1.12\spring-expression-6.1.12.jar;C:\Users\Tanishq Sehgal\.m2\repository\org\slf4j\slf4j-api\2.0.16\slf4j-api-2.0.16.jar;C:\Users\Tanishq Sehgal\.m2\repository\jakarta\xml\bind\jakarta.xml.bind-api\4.0.2\jakarta.xml.bind-api-4.0.2.jar;C:\Users\Tanishq Sehgal\.m2\repository\jakarta\activation\jakarta.activation-api\2.1.3\jakarta.activation-api-2.1.3.jar;C:\Users\Tanishq Sehgal\.m2\repository\net\bytebuddy\byte-buddy\1.14.19\byte-buddy-1.14.19.jar;C:\Users\Tanishq Sehgal\.m2\repository\org\springframework\spring-core\6.1.12\spring-core-6.1.12.jar;C:\Users\Tanishq Sehgal\.m2\repository\org\springframework\spring-jcl\6.1.12\spring-jcl-6.1.12.jar;C:\Users\Tanishq Sehgal\.m2\repository\org\springframework\boot\spring-boot-starter-validation\3.3.3\spring-boot-starter-validation-3.3.3.jar;C:\Users\Tanishq Sehgal\.m2\repository\org\apache\tomcat\embed\tomcat-embed-el\10.1.28\tomcat-embed-el-10.1.28.jar;C:\Users\Tanishq Sehgal\.m2\repository\org\hibernate\validator\hibernate-validator\8.0.1.Final\hibernate-validator-8.0.1.Final.jar;C:\Users\Tanishq Sehgal\.m2\repository\jakarta\validation\jakarta.validation-api\3.0.2\jakarta.validation-api-3.0.2.jar;C:\Users\Tanishq Sehgal\.m2\repository\org\jboss\logging\jboss-logging\3.5.3.Final\jboss-logging-3.5.3.Final.jar;C:\Users\Tanishq Sehgal\.m2\repository\com\fasterxml\classmate\1.7.0\classmate-1.7.0.jar;C:\Users\Tanishq Sehgal\.m2\repository\org\springframework\boot\spring-boot-starter-data-jpa\3.3.3\spring-boot-starter-data-jpa-3.3.3.jar;C:\Users\Tanishq Sehgal\.m2\repository\org\springframework\boot\spring-boot-starter-aop\3.3.3\spring-boot-starter-aop-3.3.3.jar;C:\Users\Tanishq Sehgal\.m2\repository\org\aspectj\aspectjweaver\1.9.22.1\aspectjweaver-1.9.22.1.jar;C:\Users\Tanishq Sehgal\.m2\repository\org\springframework\boot\spring-boot-starter-jdbc\3.3.3\spring-boot-starter-jdbc-3.3.3.jar;C:\Users\Tanishq Sehgal\.m2\repository\com\zaxxer\HikariCP\5.1.0\HikariCP-5.1.0.jar;C:\Users\Tanishq Sehgal\.m2\repository\org\springframework\spring-jdbc\6.1.12\spring-jdbc-6.1.12.jar;C:\Users\Tanishq Sehgal\.m2\repository\org\hibernate\orm\hibernate-core\6.5.2.Final\hibernate-core-6.5.2.Final.jar;C:\Users\Tanishq Sehgal\.m2\repository\jakarta\persistence\jakarta.persistence-api\3.1.0\jakarta.persistence-api-3.1.0.jar;C:\Users\Tanishq Sehgal\.m2\repository\jakarta\transaction\jakarta.transaction-api\2.0.1\jakarta.transaction-api-2.0.1.jar;C:\Users\Tanishq Sehgal\.m2\repository\org\hibernate\common\hibernate-commons-annotations\6.0.6.Final\hibernate-commons-annotations-6.0.6.Final.jar;C:\Users\Tanishq Sehgal\.m2\repository\io\smallrye\jandex\3.1.2\jandex-3.1.2.jar;C:\Users\Tanishq Sehgal\.m2\repository\org\glassfish\jaxb\jaxb-runtime\4.0.5\jaxb-runtime-4.0.5.jar;C:\Users\Tanishq Sehgal\.m2\repository\org\glassfish\jaxb\jaxb-core\4.0.5\jaxb-core-4.0.5.jar;C:\Users\Tanishq Sehgal\.m2\repository\org\eclipse\angus\angus-activation\2.0.2\angus-activation-2.0.2.jar;C:\Users\Tanishq Sehgal\.m2\repository\org\glassfish\jaxb\txw2\4.0.5\txw2-4.0.5.jar;C:\Users\Tanishq Sehgal\.m2\repository\com\sun\istack\istack-commons-runtime\4.1.2\istack-commons-runtime-4.1.2.jar;C:\Users\Tanishq Sehgal\.m2\repository\jakarta\inject\jakarta.inject-api\2.0.1\jakarta.inject-api-2.0.1.jar;C:\Users\Tanishq Sehgal\.m2\repository\org\antlr\antlr4-runtime\4.13.0\antlr4-runtime-4.13.0.jar;C:\Users\Tanishq Sehgal\.m2\repository\org\springframework\data\spring-data-jpa\3.3.3\spring-data-jpa-3.3.3.jar;C:\Users\Tanishq Sehgal\.m2\repository\org\springframework\data\spring-data-commons\3.3.3\spring-data-commons-3.3.3.jar;C:\Users\Tanishq Sehgal\.m2\repository\org\springframework\spring-orm\6.1.12\spring-orm-6.1.12.jar;C:\Users\Tanishq Sehgal\.m2\repository\org\springframework\spring-tx\6.1.12\spring-tx-6.1.12.jar;C:\Users\Tanishq Sehgal\.m2\repository\org\springframework\spring-aspects\6.1.12\spring-aspects-6.1.12.jar;C:\Users\Tanishq Sehgal\.m2\repository\com\h2database\h2\2.2.224\h2-2.2.224.jar;C:\Users\Tanishq Sehgal\.m2\repository\org\projectlombok\lombok\1.18.34\lombok-1.18.34.jar;C:\Users\Tanishq Sehgal\.m2\repository\org\modelmapper\modelmapper\3.2.1\modelmapper-3.2.1.jar
Launcher Type: SUN_STANDARD

[Global flags]
     intx CICompilerCount                          = 4                                         {product} {ergonomic}
     uint ConcGCThreads                            = 2                                         {product} {ergonomic}
     uint G1ConcRefinementThreads                  = 8                                         {product} {ergonomic}
   size_t G1HeapRegionSize                         = 1048576                                   {product} {ergonomic}
   size_t InitialHeapSize                          = 132120576                                 {product} {ergonomic}
   size_t MarkStackSize                            = 4194304                                   {product} {ergonomic}
   size_t MaxHeapSize                              = 2099249152                                {product} {ergonomic}
   size_t MaxNewSize                               = 1259339776                                {product} {ergonomic}
   size_t MinHeapDeltaBytes                        = 1048576                                   {product} {ergonomic}
   size_t MinHeapSize                              = 8388608                                   {product} {ergonomic}
    uintx NonNMethodCodeHeapSize                   = 5839372                                {pd product} {ergonomic}
    uintx NonProfiledCodeHeapSize                  = 122909434                              {pd product} {ergonomic}
    uintx ProfiledCodeHeapSize                     = 122909434                              {pd product} {ergonomic}
    uintx ReservedCodeCacheSize                    = 251658240                              {pd product} {ergonomic}
     bool SegmentedCodeCache                       = true                                      {product} {ergonomic}
   size_t SoftMaxHeapSize                          = 2099249152                             {manageable} {ergonomic}
     bool UseCompressedOops                        = true                           {product lp64_product} {ergonomic}
     bool UseG1GC                                  = true                                      {product} {ergonomic}
     bool UseLargePagesIndividualAllocation        = false                                  {pd product} {ergonomic}

Logging:
Log output configuration:
 #0: stdout all=warning uptime,level,tags foldmultilines=false
 #1: stderr all=off uptime,level,tags foldmultilines=false

Environment Variables:
JAVA_HOME=C:\Program Files\Java\jdk-22
PATH=C:\Program Files\Java\jdk-22\bin;C:\Program Files\Microsoft\jdk-11.0.16.101-hotspot\bin;C:\Program Files\Java\jdk-12.0.1\bin\;C:\Users\Tanishq Sehgal\Python39\Scripts\;C:\Users\Tanishq Sehgal\Python39\;C:\Program Files\Java\jdk-11.0.10\bin;C:\Program Files\Common Files\Oracle\Java\javapath;C:\Windows\system32;C:\Windows;C:\Windows\System32\Wbem;C:\Windows\System32\WindowsPowerShell\v1.0\;C:\Windows\System32\OpenSSH\;C:\Program Files (x86)\NVIDIA Corporation\PhysX\Common;C:\Program Files\Intel\WiFi\bin\;C:\Program Files\Common Files\Intel\WirelessCommon\;C:\Program Files\Git\cmd;C:\WINDOWS\system32;C:\WINDOWS;C:\WINDOWS\System32\Wbem;C:\WINDOWS\System32\WindowsPowerShell\v1.0\;C:\WINDOWS\System32\OpenSSH\;C:\Program Files\MATLAB\R2018a\runtime\win64;C:\Program Files\MATLAB\R2018a\bin;C:\Aldec\Active-HDL-Student-Edition\bin;C:\Program Files\Microsoft SQL Server\Client SDK\ODBC\170\Tools\Binn\;C:\Program Files (x86)\Microsoft SQL Server\150\Tools\Binn\;C:\Program Files\Microsoft SQL Server\150\Tools\Binn\;C:\Program Files\Microsoft SQL Server\150\DTS\Binn\;C:\Program Files (x86)\Microsoft SQL Server\150\DTS\Binn\;C:\Program Files\Azure Data Studio\bin;C:\Program Files (x86)\MySQL\MySQL Server 5.0\bin;C:\Program Files\dotnet\;C:\Program Files\nodejs\;C:\Users\Tanishq Sehgal\AppData\Local\Programs\Python\Python38;C:\Users\Tanishq Sehgal\Scripts\;C:\Users\Tanishq Sehgal\;C:\Users\Tanishq Sehgal\AppData\Local\Microsoft\WindowsApps;C:\Users\Tanishq Sehgal\AppData\Local\Programs\Microsoft VS Code\bin;C:\Users\Tanishq Sehgal\AppData\Local\Microsoft\WindowsApps;C:\Program Files\Azure Data Studio\bin;C:\Users\Tanishq Sehgal\.dotnet\tools;C:\Users\Tanishq Sehgal\AppData\Roaming\npm;C:\Program Files\MySQL\MySQL Server 8.0\bin;
USERNAME=Tanishq Sehgal
OS=Windows_NT
PROCESSOR_IDENTIFIER=Intel64 Family 6 Model 142 Stepping 11, GenuineIntel
TMP=C:\Users\TANISH~1\AppData\Local\Temp
TEMP=C:\Users\TANISH~1\AppData\Local\Temp




Periodic native trim disabled

---------------  S Y S T E M  ---------------

OS:
 Windows 11 , 64 bit Build 22621 (10.0.22621.3958)
OS uptime: 0 days 0:39 hours

CPU: total 8 (initial active 8) (4 cores per cpu, 2 threads per core) family 6 model 142 stepping 11 microcode 0xde, cx8, cmov, fxsr, ht, mmx, 3dnowpref, sse, sse2, sse3, ssse3, sse4.1, sse4.2, popcnt, lzcnt, tsc, tscinvbit, avx, avx2, aes, erms, clmul, bmi1, bmi2, adx, fma, vzeroupper, clflush, clflushopt, rdtscp, f16c
Processor Information for all 8 processors :
  Max Mhz: 1992, Current Mhz: 1792, Mhz Limit: 1792

Memory: 4k page, system-wide physical 8006M (745M free)
TotalPageFile size 15430M (AvailPageFile size 2037M)
current process WorkingSet (physical memory assigned to process): 202M, peak: 204M
current process commit charge ("private bytes"): 239M, peak: 262M

vm_info: Java HotSpot(TM) 64-Bit Server VM (22.0.2+9-70) for windows-amd64 JRE (22.0.2+9-70), built on 2024-06-04T16:52:23Z by "mach5one" with MS VC++ 17.6 (VS2022)

END.
